<?xml version="1.0" encoding="UTF-8"?>
<!-- Generated by org.testng.reporters.JUnitReportReporter -->
<testsuite skipped="0" hostname="Mriduls-MacBook-Air.local" name="smokeTest.GoogleTest" tests="2" failures="0" timestamp="2021-01-23T01:05:10 GMT" time="25.200" errors="0">
  <testcase name="TestGoogle" time="20.382" classname="smokeTest.GoogleTest"/>
  <system-out/>
  <testcase name="Testhyperlink" time="4.818" classname="smokeTest.GoogleTest"/>
  <system-out/>
</testsuite> <!-- smokeTest.GoogleTest -->
